********************************************************************************
DUPLICATOR-LITE PACKAGE-LOG: February 10, 2022 11:33 am
NOTICE: Do NOT post to public sites or forums 
********************************************************************************
VERSION:	1.4.4
WORDPRESS:	5.9
PHP INFO:	8.0.8 | SAPI: apache2handler
SERVER:		Apache/2.4.46 (Unix) OpenSSL/1.0.2u PHP/8.0.8 mod_wsgi/3.5 Python/2.7.13 mod_fastcgi/mod_fastcgi-SNAP-0910052141 mod_perl/2.0.11 Perl/v5.30.1 
PHP TIME LIMIT: (0) no time limit imposed 
PHP MAX MEMORY: 4294967296 (128M default) 
MEMORY STACK: 12.5MB

********************************************************************************
DATABASE:
********************************************************************************
BUILD MODE:   PHP(query limit - 100)
MYSQLTIMEOUT: 5000
MYSQLDUMP:    Not Supported
TABLES: total:21 | filtered:0 | create:21
FILTERED: []
SQL CREATED: 20220209_wordpressintro_616a54ac7ef495a92349_20220210113342_database.sql
SQL FILE SIZE: 11.73MB (12299929)
SQL FILE TIME: 2022-02-10 11:33:48
SQL RUNTIME: 0.40 sec.

********************************************************************************
ARCHIVE (ZIP):
********************************************************************************
ARCHIVE DIR:  /Applications/MAMP/htdocs/wordpress-intro
ARCHIVE FILE: 20220209_wordpressintro_616a54ac7ef495a92349_20220210113342_archive.zip
FILTERS: *OFF*
DIRS:
	not set
FILES:
	not set
EXTS:  not set
----------------------------------------
COMPRESSING
SIZE:	148.74MB
STATS:	Dirs 1,342 | Files 6,805
SQL ADDED: 20220209_wordpressintro_616a54ac7ef495a92349_20220210113342_database.sql
ZipArchive Object
(
    [lastId] => 8146
    [status] => 0
    [statusSys] => 0
    [numFiles] => 8147
    [filename] => /Applications/MAMP/htdocs/wordpress-intro/wp-content/backups-dup-lite/tmp/20220209_wordpressintro_616a54ac7ef495a92349_20220210113342_archive.zip
    [comment] => 
)

FILE ADDED TO ZIP: 8146
COMPRESSION RESULT: '1'
COMPRESSED SIZE: 57.65MB
ARCHIVE RUNTIME: 21.49 sec.
MEMORY STACK: 14.5MB
building installer
add_extra_files1
add_extra_files2
add_extra_files3
add_extra_files4
Doing archive file check
add_extra_files5
add_extra_files6
add_extra_files8
Successfully opened zip /Applications/MAMP/htdocs/wordpress-intro/wp-content/backups-dup-lite/tmp/20220209_wordpressintro_616a54ac7ef495a92349_20220210113342_archive.zip
Adding enhanced installer files to archive using ZipArchive
Installer files added to archive
Added to archive
After ziparchive close when adding installer

********************************************************************************
INTEGRITY CHECKS:
********************************************************************************
SQL FILE: 11.73MB
INSTALLER FILE: 64.6KB
ARCHIVE FILE: 58.7MB 
EXPECTED FILE/DIRECTORY COUNT: 8,147
ACTUAL FILE/DIRECTORY COUNT: 8,146
ARCHIVE CONSISTENCY TEST: Pass

********************************************************************************
RECORD ID:[2]
TOTAL PROCESS RUNTIME: 26.20 sec.
PEAK PHP MEMORY USED: 24.52MB
DONE PROCESSING => 20220209_wordpressintro February 10, 2022 11:34 am

