********************************************************************************
DUPLICATOR-LITE PACKAGE-LOG: February 9, 2022 12:38 pm
NOTICE: Do NOT post to public sites or forums 
********************************************************************************
VERSION:	1.4.4
WORDPRESS:	5.9
PHP INFO:	8.0.8 | SAPI: apache2handler
SERVER:		Apache/2.4.46 (Unix) OpenSSL/1.0.2u PHP/8.0.8 mod_wsgi/3.5 Python/2.7.13 mod_fastcgi/mod_fastcgi-SNAP-0910052141 mod_perl/2.0.11 Perl/v5.30.1 
PHP TIME LIMIT: (0) no time limit imposed 
PHP MAX MEMORY: 4294967296 (128M default) 
MEMORY STACK: 18.5MB

********************************************************************************
DATABASE:
********************************************************************************
BUILD MODE:   PHP(query limit - 100)
MYSQLTIMEOUT: 5000
MYSQLDUMP:    Not Supported
TABLES: total:18 | filtered:0 | create:18
FILTERED: []
SQL CREATED: 20220209_wordpressintro_5b261a65a2fa92f36172_20220209123820_database.sql
SQL FILE SIZE: 8.06MB (8449503)
SQL FILE TIME: 2022-02-09 12:38:41
SQL RUNTIME: 0.26 sec.

********************************************************************************
ARCHIVE (ZIP):
********************************************************************************
ARCHIVE DIR:  /Applications/MAMP/htdocs/wordpress-intro
ARCHIVE FILE: 20220209_wordpressintro_5b261a65a2fa92f36172_20220209123820_archive.zip
FILTERS: *OFF*
DIRS:
	not set
FILES:
	not set
EXTS:  not set
----------------------------------------
COMPRESSING
SIZE:	136.54MB
STATS:	Dirs 1,171 | Files 5,935
SQL ADDED: 20220209_wordpressintro_5b261a65a2fa92f36172_20220209123820_database.sql
ZipArchive Object
(
    [lastId] => 7105
    [status] => 0
    [statusSys] => 0
    [numFiles] => 7106
    [filename] => /Applications/MAMP/htdocs/wordpress-intro/wp-content/backups-dup-lite/tmp/20220209_wordpressintro_5b261a65a2fa92f36172_20220209123820_archive.zip
    [comment] => 
)

FILE ADDED TO ZIP: 7105
COMPRESSION RESULT: '1'
COMPRESSED SIZE: 49.98MB
ARCHIVE RUNTIME: 18.41 sec.
MEMORY STACK: 22.5MB
building installer
add_extra_files1
add_extra_files2
add_extra_files3
add_extra_files4
Doing archive file check
add_extra_files5
add_extra_files6
add_extra_files8
Successfully opened zip /Applications/MAMP/htdocs/wordpress-intro/wp-content/backups-dup-lite/tmp/20220209_wordpressintro_5b261a65a2fa92f36172_20220209123820_archive.zip
Adding enhanced installer files to archive using ZipArchive
Installer files added to archive
Added to archive
After ziparchive close when adding installer

********************************************************************************
INTEGRITY CHECKS:
********************************************************************************
SQL FILE: 8.06MB
INSTALLER FILE: 64.6KB
ARCHIVE FILE: 51.01MB 
EXPECTED FILE/DIRECTORY COUNT: 7,106
ACTUAL FILE/DIRECTORY COUNT: 7,105
ARCHIVE CONSISTENCY TEST: Pass

********************************************************************************
RECORD ID:[1]
TOTAL PROCESS RUNTIME: 23.06 sec.
PEAK PHP MEMORY USED: 34.14MB
DONE PROCESSING => 20220209_wordpressintro February 9, 2022 12:39 pm

